{"level":"info","message":"Server is running on PORT 3000","service":"server","timestamp":"2025-11-27T21:32:31.973Z"}
{"level":"info","message":"Server is running on PORT 3000","service":"server","timestamp":"2025-11-27T21:32:35.581Z"}
{"level":"info","message":"Server is running on PORT 3000","service":"server","timestamp":"2025-11-27T21:32:43.251Z"}
{"level":"info","message":"Server is running on PORT 3000","service":"server","timestamp":"2025-11-27T21:32:45.468Z"}
{"level":"info","message":"Server is running on PORT 3000","service":"server","timestamp":"2025-11-27T21:32:52.532Z"}
{"level":"info","message":"Server is running on PORT 3000","service":"server","timestamp":"2025-11-27T21:33:03.701Z"}
{"level":"info","message":"Server is running on PORT 3000","service":"server","timestamp":"2025-11-27T21:33:07.287Z"}
{"level":"info","message":"Server is running on PORT 3000","service":"server","timestamp":"2025-11-27T21:33:18.701Z"}
{"level":"info","message":"Server is running on PORT 3000","service":"server","timestamp":"2025-11-27T21:33:23.069Z"}
{"level":"info","message":"Server is running on PORT 3000","service":"server","timestamp":"2025-11-27T21:33:32.984Z"}
{"level":"info","message":"Server is running on PORT 3000","service":"server","timestamp":"2025-11-27T21:33:35.784Z"}
{"level":"info","message":"Server is running on PORT 3000","service":"server","timestamp":"2025-11-27T21:33:41.746Z"}
{"level":"info","message":"Server is running on PORT 3000","service":"server","timestamp":"2025-11-27T21:34:52.716Z"}
{"level":"info","message":"Server is running on PORT 3000","service":"server","timestamp":"2025-11-27T21:35:12.745Z"}
{"level":"info","message":"Server is running on PORT 3000","service":"server","timestamp":"2025-11-27T21:35:13.727Z"}
{"level":"info","message":"Server is running on PORT 3000","service":"server","timestamp":"2025-11-27T21:35:59.730Z"}
{"level":"info","message":"Server is running on PORT 3000","service":"server","timestamp":"2025-11-27T21:36:04.193Z"}
{"level":"info","message":"Server is running on PORT 3000","service":"server","timestamp":"2025-11-27T21:36:05.625Z"}
{"level":"info","message":"Server is running on PORT 3000","service":"server","timestamp":"2025-11-27T21:36:09.888Z"}
{"level":"info","message":"Server is running on PORT 3000","service":"server","timestamp":"2025-11-27T21:36:11.749Z"}
{"level":"info","message":"Server is running on PORT 3000","service":"server","timestamp":"2025-11-27T21:36:45.248Z"}
{"level":"info","message":"Server is running on PORT 3000","service":"server","timestamp":"2025-11-27T21:58:34.030Z"}
{"level":"info","message":"Server is running on PORT 3000","service":"server","timestamp":"2025-11-27T21:58:38.844Z"}
{"level":"info","message":"Server is running on PORT 3000","service":"server","timestamp":"2025-11-27T21:58:42.058Z"}
{"level":"info","message":"Server is running on PORT 3000","service":"server","timestamp":"2025-11-27T22:00:44.531Z"}
{"level":"info","message":"Server is running on PORT 3000","service":"server","timestamp":"2025-11-27T22:01:03.950Z"}
{"level":"info","message":"Server is running on PORT 3000","service":"server","timestamp":"2025-11-27T22:01:08.725Z"}
{"level":"info","message":"Received POST request to /auth/register","service":"server","timestamp":"2025-11-27T22:08:02.682Z"}
{"level":"info","message":"Request body, [object Object]","service":"server","timestamp":"2025-11-27T22:08:02.684Z"}
{"level":"info","message":"Registration endpoint hit","service":"server","timestamp":"2025-11-27T22:08:02.686Z"}
{"level":"error","message":"Registration error occur","service":"server","timestamp":"2025-11-27T22:08:02.686Z"}
{"level":"info","message":"Server is running on PORT 3000","service":"server","timestamp":"2025-11-27T22:13:10.845Z"}
{"level":"info","message":"Server is running on PORT 3000","service":"server","timestamp":"2025-11-27T22:14:05.451Z"}
{"level":"info","message":"Server is running on PORT 3000","service":"server","timestamp":"2025-11-27T22:15:11.911Z"}
{"level":"info","message":"Server is running on PORT 3000","service":"server","timestamp":"2025-11-27T22:16:36.683Z"}
{"level":"info","message":"Received POST request to /auth/register","service":"server","timestamp":"2025-11-27T22:16:42.272Z"}
{"level":"info","message":"Request body, [object Object]","service":"server","timestamp":"2025-11-27T22:16:42.273Z"}
{"level":"info","message":"Registration endpoint hit","service":"server","timestamp":"2025-11-27T22:16:42.275Z"}
{"level":"info","message":"User saved successfully","service":"server","timestamp":"2025-11-27T22:16:42.568Z","userId":"6928cdca7a630bcdadd3e730"}
{"level":"info","message":"Received POST request to /auth/register","service":"server","timestamp":"2025-11-27T22:17:48.154Z"}
{"level":"info","message":"Request body, [object Object]","service":"server","timestamp":"2025-11-27T22:17:48.155Z"}
{"level":"info","message":"Registration endpoint hit","service":"server","timestamp":"2025-11-27T22:17:48.155Z"}
{"level":"warn","message":"User already exists","service":"server","timestamp":"2025-11-27T22:17:48.183Z"}
{"level":"info","message":"Received POST request to /auth/register","service":"server","timestamp":"2025-11-27T22:17:59.497Z"}
{"level":"info","message":"Request body, [object Object]","service":"server","timestamp":"2025-11-27T22:17:59.499Z"}
{"level":"info","message":"Registration endpoint hit","service":"server","timestamp":"2025-11-27T22:17:59.499Z"}
{"0":"\"","1":"p","10":" ","11":"l","12":"e","13":"n","14":"g","15":"t","16":"h","17":" ","18":"m","19":"u","2":"a","20":"s","21":"t","22":" ","23":"b","24":"e","25":" ","26":"a","27":"t","28":" ","29":"l","3":"s","30":"e","31":"a","32":"s","33":"t","34":" ","35":"8","36":" ","37":"c","38":"h","39":"a","4":"s","40":"r","41":"a","42":"c","43":"t","44":"e","45":"r","46":"s","47":" ","48":"l","49":"o","5":"w","50":"n","51":"g","6":"o","7":"r","8":"d","9":"\"","level":"warn","message":"Validation error","service":"server","timestamp":"2025-11-27T22:17:59.502Z"}
{"level":"info","message":"Received POST request to /auth/register","service":"server","timestamp":"2025-11-27T22:18:06.546Z"}
{"level":"info","message":"Request body, [object Object]","service":"server","timestamp":"2025-11-27T22:18:06.547Z"}
{"level":"info","message":"Registration endpoint hit","service":"server","timestamp":"2025-11-27T22:18:06.547Z"}
{"level":"warn","message":"User already exists","service":"server","timestamp":"2025-11-27T22:18:06.571Z"}
{"level":"info","message":"Received POST request to /auth/login","service":"server","timestamp":"2025-11-27T22:24:06.226Z"}
{"level":"info","message":"Request body, [object Object]","service":"server","timestamp":"2025-11-27T22:24:06.227Z"}
{"level":"info","message":"Received POST request to /auth/register","service":"server","timestamp":"2025-11-27T22:24:20.797Z"}
{"level":"info","message":"Request body, [object Object]","service":"server","timestamp":"2025-11-27T22:24:20.797Z"}
{"level":"info","message":"Registration endpoint hit","service":"server","timestamp":"2025-11-27T22:24:20.797Z"}
{"level":"warn","message":"User already exists","service":"server","timestamp":"2025-11-27T22:24:20.821Z"}
{"level":"info","message":"Received POST request to /auth/register","service":"server","timestamp":"2025-11-27T22:26:32.394Z"}
{"level":"info","message":"Request body, [object Object]","service":"server","timestamp":"2025-11-27T22:26:32.394Z"}
{"level":"info","message":"Registration endpoint hit","service":"server","timestamp":"2025-11-27T22:26:32.394Z"}
{"level":"error","message":"E11000 duplicate key error collection: test.users index: username_1 dup key: { username: null }","service":"server","stack":"MongoServerError: E11000 duplicate key error collection: test.users index: username_1 dup key: { username: null }\n    at InsertOneOperation.handleOk (/Users/adex__/Desktop/Olayinka Furniture Palace/server/node_modules/mongoose/node_modules/mongodb/lib/operations/insert.js:51:19)\n    at tryOperation (/Users/adex__/Desktop/Olayinka Furniture Palace/server/node_modules/mongoose/node_modules/mongodb/lib/operations/execute_operation.js:214:34)\n    at process.processTicksAndRejections (node:internal/process/task_queues:105:5)\n    at async executeOperation (/Users/adex__/Desktop/Olayinka Furniture Palace/server/node_modules/mongoose/node_modules/mongodb/lib/operations/execute_operation.js:78:16)\n    at async Collection.insertOne (/Users/adex__/Desktop/Olayinka Furniture Palace/server/node_modules/mongoose/node_modules/mongodb/lib/collection.js:154:16)","timestamp":"2025-11-27T22:26:32.607Z"}
{"level":"info","message":"Received GET request to /auth/login","service":"server","timestamp":"2025-11-27T22:30:00.045Z"}
{"level":"info","message":"Request body, [object Object]","service":"server","timestamp":"2025-11-27T22:30:00.045Z"}
{"level":"info","message":"Login endpoint hit","service":"server","timestamp":"2025-11-27T22:30:00.046Z"}
{"0":"\"","1":"f","10":" ","11":"i","12":"s","13":" ","14":"n","15":"o","16":"t","17":" ","18":"a","19":"l","2":"u","20":"l","21":"o","22":"w","23":"e","24":"d","3":"l","4":"l","5":"n","6":"a","7":"m","8":"e","9":"\"","level":"warn","message":"Validation error","service":"server","timestamp":"2025-11-27T22:30:00.047Z"}
{"level":"info","message":"Received GET request to /auth/login","service":"server","timestamp":"2025-11-27T22:30:56.805Z"}
{"level":"info","message":"Request body, [object Object]","service":"server","timestamp":"2025-11-27T22:30:56.806Z"}
{"level":"info","message":"Login endpoint hit","service":"server","timestamp":"2025-11-27T22:30:56.806Z"}
{"level":"warn","message":"User not found","service":"server","timestamp":"2025-11-27T22:30:56.832Z"}
{"level":"info","message":"Received GET request to /auth/login","service":"server","timestamp":"2025-11-27T22:31:10.851Z"}
{"level":"info","message":"Request body, [object Object]","service":"server","timestamp":"2025-11-27T22:31:10.851Z"}
{"level":"info","message":"Login endpoint hit","service":"server","timestamp":"2025-11-27T22:31:10.851Z"}
{"level":"info","message":"User logged in successfully","service":"server","timestamp":"2025-11-27T22:31:10.954Z","userId":"6928cdca7a630bcdadd3e730"}
